androidApp/build/intermediates/manifest_merge_blame_file/debug/manifest-merger-blame-debug-report.txt
1<?xml version="1.0" encoding="utf-8"?>
2<manifest xmlns:android="http://schemas.android.com/apk/res/android"
3    package="kuznetsov.android"
4    android:versionCode="1"
5    android:versionName="1.0" >
6
7    <uses-sdk
8        android:minSdkVersion="21"
8-->src/main/AndroidManifest.xml
9        android:targetSdkVersion="31" />
9-->src/main/AndroidManifest.xml
10
11    <uses-permission android:name="android.permission.INTERNET" />
11-->src/main/AndroidManifest.xml:4:5-67
11-->src/main/AndroidManifest.xml:4:22-64
12    <uses-permission android:name="android.permission.ACCESS_NETWORK_STATE" />
12-->src/main/AndroidManifest.xml:5:5-79
12-->src/main/AndroidManifest.xml:5:22-76
13
14    <application
14-->src/main/AndroidManifest.xml:6:5-19:19
15        android:name="kuznetsov.hse.kmm.android.SpacePicturesApplication"
15-->src/main/AndroidManifest.xml:10:9-49
16        android:allowBackup="false"
16-->src/main/AndroidManifest.xml:7:9-36
17        android:appComponentFactory="androidx.core.app.CoreComponentFactory"
17-->[androidx.core:core:1.7.0] AndroidManifest.xml:24:18-86
18        android:debuggable="true"
19        android:supportsRtl="true"
19-->src/main/AndroidManifest.xml:8:9-35
20        android:testOnly="true"
21        android:theme="@style/AppTheme" >
21-->src/main/AndroidManifest.xml:9:9-40
22        <activity
22-->src/main/AndroidManifest.xml:11:9-18:20
23            android:name="kuznetsov.hse.kmm.android.MainActivity"
23-->src/main/AndroidManifest.xml:12:13-41
24            android:exported="true" >
24-->src/main/AndroidManifest.xml:13:13-36
25            <intent-filter>
25-->src/main/AndroidManifest.xml:14:13-17:29
26                <action android:name="android.intent.action.MAIN" />
26-->src/main/AndroidManifest.xml:15:17-69
26-->src/main/AndroidManifest.xml:15:25-66
27
28                <category android:name="android.intent.category.LAUNCHER" />
28-->src/main/AndroidManifest.xml:16:17-77
28-->src/main/AndroidManifest.xml:16:27-74
29            </intent-filter>
30        </activity>
31        <activity
31-->[androidx.compose.ui:ui-tooling:1.0.0-alpha08] AndroidManifest.xml:25:9-27:39
32            android:name="androidx.compose.ui.tooling.preview.PreviewActivity"
32-->[androidx.compose.ui:ui-tooling:1.0.0-alpha08] AndroidManifest.xml:26:13-79
33            android:exported="true" />
33-->[androidx.compose.ui:ui-tooling:1.0.0-alpha08] AndroidManifest.xml:27:13-36
34
35        <provider
35-->[androidx.profileinstaller:profileinstaller:1.0.4] AndroidManifest.xml:26:9-34:20
36            android:name="androidx.startup.InitializationProvider"
36-->[androidx.profileinstaller:profileinstaller:1.0.4] AndroidManifest.xml:27:13-67
37            android:authorities="kuznetsov.android.androidx-startup"
37-->[androidx.profileinstaller:profileinstaller:1.0.4] AndroidManifest.xml:28:13-68
38            android:exported="false" >
38-->[androidx.profileinstaller:profileinstaller:1.0.4] AndroidManifest.xml:29:13-37
39            <meta-data
39-->[androidx.profileinstaller:profileinstaller:1.0.4] AndroidManifest.xml:31:13-33:52
40                android:name="androidx.profileinstaller.ProfileInstallerInitializer"
40-->[androidx.profileinstaller:profileinstaller:1.0.4] AndroidManifest.xml:32:17-85
41                android:value="androidx.startup" />
41-->[androidx.profileinstaller:profileinstaller:1.0.4] AndroidManifest.xml:33:17-49
42        </provider>
43
44        <receiver
44-->[androidx.profileinstaller:profileinstaller:1.0.4] AndroidManifest.xml:36:9-45:20
45            android:name="androidx.profileinstaller.ProfileInstallReceiver"
45-->[androidx.profileinstaller:profileinstaller:1.0.4] AndroidManifest.xml:37:13-76
46            android:directBootAware="false"
46-->[androidx.profileinstaller:profileinstaller:1.0.4] AndroidManifest.xml:38:13-44
47            android:enabled="true"
47-->[androidx.profileinstaller:profileinstaller:1.0.4] AndroidManifest.xml:39:13-35
48            android:exported="true"
48-->[androidx.profileinstaller:profileinstaller:1.0.4] AndroidManifest.xml:40:13-36
49            android:permission="android.permission.DUMP" >
49-->[androidx.profileinstaller:profileinstaller:1.0.4] AndroidManifest.xml:41:13-57
50            <intent-filter>
50-->[androidx.profileinstaller:profileinstaller:1.0.4] AndroidManifest.xml:42:13-44:29
51                <action android:name="androidx.profileinstaller.action.INSTALL_PROFILE" />
51-->[androidx.profileinstaller:profileinstaller:1.0.4] AndroidManifest.xml:43:17-91
51-->[androidx.profileinstaller:profileinstaller:1.0.4] AndroidManifest.xml:43:25-88
52            </intent-filter>
53        </receiver>
54    </application>
55
56</manifest>